[11:32:10] [INIT] KubeJS 2001.6.5-build.16; MC 2001 forge
[11:32:10] [INIT] Loaded plugins:
[11:32:10] [INIT] - dev.latvian.mods.kubejs.forge.BuiltinKubeJSForgePlugin
[11:32:10] [INIT] - dev.latvian.mods.kubejs.forge.BuiltinKubeJSForgeClientPlugin
[11:32:10] [INIT] - com.almostreliable.morejs.Plugin
[11:32:10] [INIT] - pie.ilikepiefoo.AdditionsPlugin
[11:32:10] [INIT] - pie.ilikepiefoo.compat.jei.JEIKubeJSPlugin
[11:32:10] [INIT] - com.lowdragmc.lowdraglib.kjs.LDLibKubeJSPlugin
[11:32:10] [INIT] - dev.ftb.mods.ftbxmodcompat.ftbquests.kubejs.KubeJSIntegration
[11:32:10] [INIT] - dev.ftb.mods.ftbxmodcompat.ftbchunks.kubejs.FTBChunksKubeJSPlugin
[11:32:10] [INIT] - dev.ftb.mods.ftbxmodcompat.ftbteams.kubejs.FTBTeamsKubeJSPlugin
[11:32:10] [INIT] - com.almostreliable.lootjs.kube.LootJSPlugin
[11:32:10] [INIT] - com.sunekaer.sdrp.integration.kubejs.SDRPKubeJSIntegration
[11:32:10] [INIT] - com.lowdragmc.mbd2.integration.kubejs.MBDKubeJSPlugin
[11:32:10] [INIT] - com.almostreliable.ponderjs.KubePlugin
[11:32:10] [INIT] - dev.latvian.mods.kubejs.thermal.KubeJSThermalPlugin
[11:32:10] [INIT] - dev.latvian.mods.kubejs.create.KubeJSCreatePlugin
[11:32:10] [INIT] - com.klikli_dev.occultism_kubejs.KubeJSOccultismPlugin
[11:32:10] [INFO] _helper.js#4: Loaded Java class 'net.minecraft.core.Registry'
[11:32:10] [INFO] _helper.js#6: Loaded Java class 'net.minecraft.tags.TagKey'
[11:32:10] [INFO] _helper.js#7: Loaded Java class 'net.minecraft.core.Direction$AxisDirection'
[11:32:10] [INFO] _helper.js#9: Loaded Java class 'java.util.Random'
[11:32:10] [INFO] _helper.js#10: Loaded Java class 'dev.latvian.mods.kubejs.item.InputItem'
[11:32:10] [INFO] _helper.js#11: Loaded Java class 'dev.latvian.mods.kubejs.item.OutputItem'
[11:32:10] [INFO] _helper.js#12: Loaded Java class 'dev.latvian.mods.kubejs.fluid.InputFluid'
[11:32:10] [INFO] _helper.js#13: Loaded Java class 'dev.latvian.mods.kubejs.fluid.OutputFluid'
[11:32:10] [INFO] _helper.js#14: Loaded Java class 'dev.latvian.mods.kubejs.fluid.FluidStackJS'
[11:32:10] [INFO] _helper.js#15: Loaded Java class 'com.google.gson.JsonObject'
[11:32:10] [INFO] _helper.js#17: Loaded Java class 'net.minecraft.world.level.Level'
[11:32:10] [INFO] Loaded script server_scripts:_helper.js in 0.005 s
[11:32:10] [INFO] Loaded script server_scripts:recipes/metallurgy.js in 0.002 s
[11:32:10] [INFO] Loaded script server_scripts:recipes/chapters.js in 0.004 s
[11:32:10] [INFO] Loaded script server_scripts:key_mods/ae2.js in 0.0 s
[11:32:10] [INFO] Loaded script server_scripts:key_mods/architects_palette.js in 0.0 s
[11:32:10] [INFO] Loaded script server_scripts:key_mods/create.js in 0.001 s
[11:32:10] [INFO] Loaded script server_scripts:key_mods/farmersdelight.js in 0.0 s
[11:32:10] [INFO] Loaded script server_scripts:key_mods/ftbquests.js in 0.0 s
[11:32:10] [INFO] Loaded script server_scripts:key_mods/occultism.js in 0.001 s
[11:32:10] [INFO] Loaded script server_scripts:key_mods/projectred_core.js in 0.0 s
[11:32:10] [INFO] Loaded script server_scripts:key_mods/tconstruct.js in 0.001 s
[11:32:10] [INFO] Loaded script server_scripts:key_mods/thermal.js in 0.001 s
[11:32:10] [INFO] Loaded script server_scripts:key_mods/waterstrainer.js in 0.0 s
[11:32:10] [INFO] Loaded script server_scripts:auto_reload_lang.js in 0.0 s
[11:32:10] [INFO] Loaded script server_scripts:better_dynamo_placement.js in 0.0 s
[11:32:10] [INFO] Loaded script server_scripts:bonkers_chemistry.js in 0.002 s
[11:32:10] [INFO] Loaded script server_scripts:effectivetools.js in 0.0 s
[11:32:10] [INFO] Loaded script server_scripts:key_mods/ad_astra.js in 0.0 s
[11:32:10] [INFO] Loaded script server_scripts:key_mods/createdeco.js in 0.0 s
[11:32:10] [INFO] Loaded script server_scripts:loot.js in 0.0 s
[11:32:10] [INFO] Loaded script server_scripts:mods/aquaculture.js in 0.0 s
[11:32:10] [INFO] Loaded script server_scripts:mods/balancedflight.js in 0.0 s
[11:32:10] [INFO] Loaded script server_scripts:mods/biomesoplenty.js in 0.001 s
[11:32:10] [INFO] Loaded script server_scripts:mods/computercraft.js in 0.0 s
[11:32:10] [INFO] Loaded script server_scripts:mods/create_central_kitchen.js in 0.0 s
[11:32:10] [INFO] Loaded script server_scripts:mods/create_crystal_clear.js in 0.0 s
[11:32:10] [INFO] Loaded script server_scripts:mods/curios.js in 0.0 s
[11:32:10] [INFO] Loaded script server_scripts:mods/dungeoncrawl.js in 0.0 s
[11:32:10] [INFO] Loaded script server_scripts:mods/functionalstorage.js in 0.0 s
[11:32:10] [INFO] Loaded script server_scripts:mods/moreminecarts.js in 0.0 s
[11:32:10] [INFO] Loaded script server_scripts:mods/prettypipes.js in 0.001 s
[11:32:10] [INFO] Loaded script server_scripts:mods/projectred_illumination.js in 0.0 s
[11:32:10] [INFO] Loaded script server_scripts:mods/projectred_integration.js in 0.001 s
[11:32:10] [INFO] Loaded script server_scripts:mods/projectred_transmission.js in 0.0 s
[11:32:10] [INFO] Loaded script server_scripts:mods/quark.js in 0.0 s
[11:32:10] [INFO] Loaded script server_scripts:mods/reliquary.js in 0.0 s
[11:32:10] [INFO] Loaded script server_scripts:mods/sophstorage.js in 0.0 s
[11:32:10] [INFO] Loaded script server_scripts:mods/supplementaries.js in 0.0 s
[11:32:10] [INFO] Loaded script server_scripts:mods/trials.js in 0.0 s
[11:32:10] [INFO] Loaded script server_scripts:oregen.js in 0.001 s
[11:32:10] [INFO] Loaded script server_scripts:quests.js in 0.0 s
[11:32:10] [INFO] Loaded script server_scripts:recipes/alchemy.js in 0.0 s
[11:32:10] [INFO] Loaded script server_scripts:recipes/gem_processing.js in 0.0 s
[11:32:10] [INFO] Loaded script server_scripts:recipes/illusonaryblocks.js in 0.0 s
[11:32:10] [INFO] Loaded script server_scripts:recipes/minecraft.js in 0.0 s
[11:32:10] [INFO] Loaded script server_scripts:recipes/phantomless.js in 0.0 s
[11:32:10] [INFO] Loaded script server_scripts:recipes/trading.js in 0.0 s
[11:32:10] [INFO] Loaded script server_scripts:server_compatability/createaddition.js in 0.0 s
[11:32:10] [INFO] Loaded script server_scripts:server_compatability/createcasing.js in 0.0 s
[11:32:10] [INFO] Loaded script server_scripts:server_compatability/createdieselgenerators.js in 0.001 s
[11:32:10] [INFO] Loaded script server_scripts:server_compatability/createoreexcavation.js in 0.0 s
[11:32:10] [INFO] Loaded script server_scripts:server_compatability/create_connected.js in 0.001 s
[11:32:10] [INFO] Loaded script server_scripts:server_compatability/create_enchantment_industry.js in 0.0 s
[11:32:10] [INFO] Loaded script server_scripts:server_compatability/create_hypertube.js in 0.0 s
[11:32:10] [INFO] Loaded script server_scripts:server_compatability/create_power_loader.js in 0.0 s
[11:32:10] [INFO] Loaded script server_scripts:server_compatability/forbidden_arcanus.js in 0.001 s
[11:32:10] [INFO] Loaded script server_scripts:server_compatability/integrated_stronghold.js in 0.0 s
[11:32:10] [INFO] Loaded script server_scripts:startingitems.js in 0.0 s
[11:32:10] [INFO] Loaded script server_scripts:tags.js in 0.001 s
[11:32:10] [INFO] Loaded script server_scripts:_cabin_motd.js in 0.0 s
[11:32:10] [INFO] Loaded 60/60 KubeJS server scripts in 0.052 s with 0 errors and 0 warnings
[11:32:10] [INFO] Scripts loaded
[11:32:10] [INFO] Initializing recipe event...
[11:32:10] [WARN] Due to the way Minecraft resource loading works, KubeJS' server.log may not contain everything that happened in your server scripts on initial world creation.
[11:32:10] [WARN] You can still see the full log (including past reloads) in your latest.log file.
[11:32:23] [INFO] Server resource reload complete!
