[00:00:39] [Render thread/WARN]: Failed to load texture: faunify:textures/entity/hedgehog/light.png
java.io.FileNotFoundException: faunify:textures/entity/hedgehog/light.png
	at net.minecraft.class_5912.method_43043(class_5912.java:21) ~[client-intermediary.jar:?]
	at java.util.Optional.orElseThrow(Unknown Source) ~[?:?]
	at net.minecraft.class_5912.getResourceOrThrow(class_5912.java:21) ~[client-intermediary.jar:?]
	at software.bernie.geckolib.cache.texture.AnimatableTexture.method_4625(AnimatableTexture.java:40) ~[geckolib-fabric-1.20.1-4.8.2.jar:?]
	at net.minecraft.class_1060.method_24303(class_1060.java:97) ~[client-intermediary.jar:?]
	at net.minecraft.class_1060.method_4616(class_1060.java:69) ~[client-intermediary.jar:?]
	at net.minecraft.class_1060.handler$dan000$geckolib$wrapAnimatableTexture(class_1060.java:1029) ~[client-intermediary.jar:?]
	at net.minecraft.class_1060.method_4619(class_1060.java) ~[client-intermediary.jar:?]
	at software.bernie.geckolib.cache.texture.AnimatableTexture.setAndUpdate(AnimatableTexture.java:89) ~[geckolib-fabric-1.20.1-4.8.2.jar:?]
	at software.bernie.geckolib.cache.texture.AnimatableTexture.setAndUpdate(AnimatableTexture.java:81) ~[geckolib-fabric-1.20.1-4.8.2.jar:?]
	at software.bernie.geckolib.renderer.GeoEntityRenderer.updateAnimatedTextureFrame(GeoEntityRenderer.java:527) ~[geckolib-fabric-1.20.1-4.8.2.jar:?]
	at software.bernie.geckolib.renderer.GeoEntityRenderer.updateAnimatedTextureFrame(GeoEntityRenderer.java:47) ~[geckolib-fabric-1.20.1-4.8.2.jar:?]
	at software.bernie.geckolib.renderer.GeoRenderer.actuallyRender(GeoRenderer.java:176) ~[geckolib-fabric-1.20.1-4.8.2.jar:?]
	at software.bernie.geckolib.renderer.GeoEntityRenderer.actuallyRender(GeoEntityRenderer.java:242) ~[geckolib-fabric-1.20.1-4.8.2.jar:?]
	at software.bernie.geckolib.renderer.GeoEntityRenderer.actuallyRender(GeoEntityRenderer.java:47) ~[geckolib-fabric-1.20.1-4.8.2.jar:?]
	at software.bernie.geckolib.renderer.GeoRenderer.defaultRender(GeoRenderer.java:142) ~[geckolib-fabric-1.20.1-4.8.2.jar:?]
	at software.bernie.geckolib.renderer.GeoEntityRenderer.method_3936(GeoEntityRenderer.java:156) ~[geckolib-fabric-1.20.1-4.8.2.jar:?]
	at net.minecraft.class_898.method_3954(class_898.java:145) ~[client-intermediary.jar:?]
	at net.minecraft.class_761.method_22977(class_761.java:1574) ~[client-intermediary.jar:?]
	at net.minecraft.class_761.method_22710(class_761.java:1324) ~[client-intermediary.jar:?]
	at net.minecraft.class_757.method_3188(class_757.java:1110) ~[client-intermediary.jar:?]
	at net.minecraft.class_757.method_3192(class_757.java:880) ~[client-intermediary.jar:?]
	at net.minecraft.class_310.method_1523(class_310.java:1219) ~[client-intermediary.jar:?]
	at net.minecraft.class_310.method_1514(class_310.java:802) ~[client-intermediary.jar:?]
	at net.minecraft.client.main.Main.main(Main.java:250) ~[1.20.1-0.18.1.jar:?]
	at net.fabricmc.loader.impl.game.minecraft.MinecraftGameProvider.launch(MinecraftGameProvider.java:514) ~[fabric-loader-0.18.1.jar:?]
	at net.fabricmc.loader.impl.launch.knot.Knot.launch(Knot.java:72) ~[fabric-loader-0.18.1.jar:?]
	at net.fabricmc.loader.impl.launch.knot.KnotClient.main(KnotClient.java:23) ~[fabric-loader-0.18.1.jar:?]
	at jdk.internal.reflect.NativeMethodAccessorImpl.invoke0(Native Method) ~[?:?]
	at jdk.internal.reflect.NativeMethodAccessorImpl.invoke(Unknown Source) ~[?:?]
	at jdk.internal.reflect.DelegatingMethodAccessorImpl.invoke(Unknown Source) ~[?:?]
	at java.lang.reflect.Method.invoke(Unknown Source) ~[?:?]
	at com.modrinth.theseus.MinecraftLaunch.relaunch(MinecraftLaunch.java:63) ~[theseus.jar:?]
	at com.modrinth.theseus.MinecraftLaunch.main(MinecraftLaunch.java:28) ~[theseus.jar:?]
[00:00:39] [Render thread/WARN]: Failed to load texture: faunify:textures/entity/hedgehog/light.png
java.io.FileNotFoundException: faunify:textures/entity/hedgehog/light.png
	at net.minecraft.class_5912.method_43043(class_5912.java:21) ~[client-intermediary.jar:?]
	at java.util.Optional.orElseThrow(Unknown Source) ~[?:?]
	at net.minecraft.class_5912.getResourceOrThrow(class_5912.java:21) ~[client-intermediary.jar:?]
	at net.minecraft.class_1049$class_4006.method_18156(class_1049.java:83) ~[client-intermediary.jar:?]
	at net.minecraft.class_1049.method_18153(class_1049.java:58) ~[client-intermediary.jar:?]
	at net.minecraft.class_1049.method_4625(class_1049.java:29) ~[client-intermediary.jar:?]
	at net.minecraft.class_1060.method_24303(class_1060.java:97) ~[client-intermediary.jar:?]
	at net.minecraft.class_1060.method_4616(class_1060.java:69) ~[client-intermediary.jar:?]
	at net.minecraft.class_1060.method_4619(class_1060.java:119) ~[client-intermediary.jar:?]
	at software.bernie.geckolib.cache.texture.AnimatableTexture.setAndUpdate(AnimatableTexture.java:89) ~[geckolib-fabric-1.20.1-4.8.2.jar:?]
	at software.bernie.geckolib.cache.texture.AnimatableTexture.setAndUpdate(AnimatableTexture.java:81) ~[geckolib-fabric-1.20.1-4.8.2.jar:?]
	at software.bernie.geckolib.renderer.GeoEntityRenderer.updateAnimatedTextureFrame(GeoEntityRenderer.java:527) ~[geckolib-fabric-1.20.1-4.8.2.jar:?]
	at software.bernie.geckolib.renderer.GeoEntityRenderer.updateAnimatedTextureFrame(GeoEntityRenderer.java:47) ~[geckolib-fabric-1.20.1-4.8.2.jar:?]
	at software.bernie.geckolib.renderer.GeoRenderer.actuallyRender(GeoRenderer.java:176) ~[geckolib-fabric-1.20.1-4.8.2.jar:?]
	at software.bernie.geckolib.renderer.GeoEntityRenderer.actuallyRender(GeoEntityRenderer.java:242) ~[geckolib-fabric-1.20.1-4.8.2.jar:?]
	at software.bernie.geckolib.renderer.GeoEntityRenderer.actuallyRender(GeoEntityRenderer.java:47) ~[geckolib-fabric-1.20.1-4.8.2.jar:?]
	at software.bernie.geckolib.renderer.GeoRenderer.defaultRender(GeoRenderer.java:142) ~[geckolib-fabric-1.20.1-4.8.2.jar:?]
	at software.bernie.geckolib.renderer.GeoEntityRenderer.method_3936(GeoEntityRenderer.java:156) ~[geckolib-fabric-1.20.1-4.8.2.jar:?]
	at net.minecraft.class_898.method_3954(class_898.java:145) ~[client-intermediary.jar:?]
	at net.minecraft.class_761.method_22977(class_761.java:1574) ~[client-intermediary.jar:?]
	at net.minecraft.class_761.method_22710(class_761.java:1324) ~[client-intermediary.jar:?]
	at net.minecraft.class_757.method_3188(class_757.java:1110) ~[client-intermediary.jar:?]
	at net.minecraft.class_757.method_3192(class_757.java:880) ~[client-intermediary.jar:?]
	at net.minecraft.class_310.method_1523(class_310.java:1219) ~[client-intermediary.jar:?]
	at net.minecraft.class_310.method_1514(class_310.java:802) ~[client-intermediary.jar:?]
	at net.minecraft.client.main.Main.main(Main.java:250) ~[1.20.1-0.18.1.jar:?]
	at net.fabricmc.loader.impl.game.minecraft.MinecraftGameProvider.launch(MinecraftGameProvider.java:514) ~[fabric-loader-0.18.1.jar:?]
	at net.fabricmc.loader.impl.launch.knot.Knot.launch(Knot.java:72) ~[fabric-loader-0.18.1.jar:?]
	at net.fabricmc.loader.impl.launch.knot.KnotClient.main(KnotClient.java:23) ~[fabric-loader-0.18.1.jar:?]
	at jdk.internal.reflect.NativeMethodAccessorImpl.invoke0(Native Method) ~[?:?]
	at jdk.internal.reflect.NativeMethodAccessorImpl.invoke(Unknown Source) ~[?:?]
	at jdk.internal.reflect.DelegatingMethodAccessorImpl.invoke(Unknown Source) ~[?:?]
	at java.lang.reflect.Method.invoke(Unknown Source) ~[?:?]
	at com.modrinth.theseus.MinecraftLaunch.relaunch(MinecraftLaunch.java:63) ~[theseus.jar:?]
	at com.modrinth.theseus.MinecraftLaunch.main(MinecraftLaunch.java:28) ~[theseus.jar:?]
[00:01:19] [Render thread/WARN]: Unable to play empty soundEvent: minecraft:entity.salmon.ambient
[00:01:20] [Render thread/INFO]: Building search tree for 3317 items (this may take a while)...
[00:01:20] [Render thread/INFO]: Building search tree for 3317 items took 492.7 μs
[00:01:23] [Render thread/INFO]: Loaded 61 advancements
[00:01:28] [DH-World Gen Thread[1]/INFO]: Instantiating Mojang DFU
[00:01:29] [Datafixer Bootstrap/INFO]: 188 Datafixer optimizations took 202 milliseconds
[00:02:53] [Server thread/INFO]: SaturnCorgi has made the advancement [Create: Estrogen]
[00:02:53] [Render thread/INFO]: [CHAT] SaturnCorgi has made the advancement [Create: Estrogen]
[00:02:53] [Render thread/INFO]: Loaded 64 advancements
[00:03:20] [Server thread/INFO]: SaturnCorgi has reached the goal [Pill up, gals!]
[00:03:20] [Render thread/INFO]: [CHAT] SaturnCorgi has reached the goal [Pill up, gals!]
[00:03:20] [Render thread/INFO]: Loaded 70 advancements
[00:03:22] [Render thread/INFO]: Loaded 92 advancements
[00:03:26] [Render thread/INFO]: [CHAT] Saved screenshot as 2025-11-25_00.03.25.png
[00:03:32] [Render thread/INFO]: Loaded 96 advancements
[00:03:44] [Server thread/INFO]: SaturnCorgi has reached the goal [Estrogen Dealer]
[00:03:44] [Render thread/INFO]: [CHAT] SaturnCorgi has reached the goal [Estrogen Dealer]
[00:03:44] [Render thread/INFO]: Loaded 96 advancements
[00:04:08] [Server thread/INFO]: SaturnCorgi has made the advancement [Cover Me with Diamonds]
[00:04:08] [Render thread/INFO]: [CHAT] SaturnCorgi has made the advancement [Cover Me with Diamonds]
[00:04:08] [Render thread/INFO]: Loaded 103 advancements
[00:04:54] [Render thread/INFO]: Loaded 106 advancements
[00:05:02] [Render thread/INFO]: Loaded 106 advancements
[00:05:09] [Server thread/INFO]: Saving and pausing game...
[00:05:09] [Server thread/INFO]: Saving chunks for level 'ServerLevel[pet test]'/minecraft:overworld
[00:05:09] [Server thread/INFO]: Saving chunks for level 'ServerLevel[pet test]'/minecraft:the_nether
[00:05:09] [Server thread/INFO]: Saving chunks for level 'ServerLevel[pet test]'/minecraft:the_end
[00:05:09] [Server thread/INFO]: Saving chunks for level 'ServerLevel[pet test]'/ae2:spatial_storage
[00:07:18] [Server thread/INFO]: Saving and pausing game...
[00:07:19] [Server thread/INFO]: Saving chunks for level 'ServerLevel[pet test]'/minecraft:overworld
[00:07:19] [Server thread/INFO]: Saving chunks for level 'ServerLevel[pet test]'/minecraft:the_nether
[00:07:19] [Server thread/INFO]: Saving chunks for level 'ServerLevel[pet test]'/minecraft:the_end
[00:07:19] [Server thread/INFO]: Saving chunks for level 'ServerLevel[pet test]'/ae2:spatial_storage
[00:07:19] [Render thread/INFO]: [voicechat] Clearing audio channels
[00:07:19] [Netty Server IO #1/INFO]: Player [SaturnCorgi] disconnected.
[00:07:19] [Render thread/INFO]: [voicechat] Stopping microphone thread
[00:07:19] [Render thread/INFO]: [voicechat] Disconnecting voicechat
[00:07:19] [Render thread/INFO]: Client on ClientOnly mode disconnecting.
[00:07:19] [Render thread/INFO]: Unloading level [minecraft:overworld].
[00:07:19] [Render thread/INFO]: Shutting down ClientRenderState
[00:07:19] [Render thread/INFO]: Shutting down LodRenderer...
[00:07:19] [Render thread/INFO]: Queuing Renderer Cleanup for main render thread
[00:07:19] [Render thread/INFO]: Shutting down LodQuadTree...
[00:07:19] [Render thread/INFO]: Finished shutting down LodQuadTree
[00:07:19] [Render thread/INFO]: Finished shutting down LodRenderer
[00:07:19] [Render thread/INFO]: Shutting down LodQuadTree...
[00:07:19] [Render thread/INFO]: Finished shutting down LodQuadTree
[00:07:19] [Render thread/INFO]: Closing world gen queue
[00:07:19] [Render thread/INFO]: Closing WorldGenerationQueue...
[00:07:19] [Render thread/INFO]: Awaiting world generator thread pool termination...
[00:07:19] [DH-Cleanup Thread[0]/INFO]: waiting for [8] futures before closing render cache...
[00:07:19] [DH-Cleanup Thread[0]/INFO]: waiting for [0] futures before closing render cache...
[00:07:22] [Render thread/WARN]: World generator thread pool shutdown didn't complete after [3] seconds. Some world generator requests may still be running.
[00:07:22] [Render thread/INFO]: BatchGenerator shutting down...
[00:07:22] [Render thread/INFO]: BatchGenerationEnvironment shutting down...
[00:07:22] [Render thread/INFO]: Canceling in progress generation event futures...
[00:07:22] [Render thread/INFO]: BatchGenerationEnvironment shutdown complete.
[00:07:22] [Render thread/INFO]: Finished closing WorldGenerationQueue
[00:07:23] [Render thread/INFO]: Closing [GeneratedFullDataSourceProvider] for level: [DhClientServerLevel{pet_test_g1t06100ccqo8@minecraft:overworld}].
[00:07:23] [DH-Parent Update Queue [minecraft:overworld] Thread[0]/INFO]: Update thread [DH-Parent Update Queue [minecraft:overworld] Thread[0]] terminated.
[00:07:23] [Render thread/INFO]: Closing [FullDataSourceProviderV1] for level: [DhClientServerLevel{pet_test_g1t06100ccqo8@minecraft:overworld}].
[00:07:23] [Render thread/INFO]: Closing database connection: [jdbc:dh_sqlite:/home/saturncorgi/.local/share/ModrinthApp/profiles/TRANS/saves/pet test/data/DistantHorizons.sqlite]...
[00:07:23] [Render thread/INFO]: Finished closing database connection: [jdbc:dh_sqlite:/home/saturncorgi/.local/share/ModrinthApp/profiles/TRANS/saves/pet test/data/DistantHorizons.sqlite]
[00:07:23] [Render thread/INFO]: Closed DHLevel for [Wrapped{ServerLevel[pet test]@minecraft:overworld}].
[00:07:23] [Render thread/INFO]: Closing [GeneratedFullDataSourceProvider] for level: [DhClientServerLevel{pet_test_g1t06100ccqo8@minecraft:overworld}].
[00:07:23] [Render thread/INFO]: Closing [FullDataSourceProviderV1] for level: [DhClientServerLevel{pet_test_g1t06100ccqo8@minecraft:overworld}].
[00:07:23] [Render thread/INFO]: Closed DhClientServerLevel for Wrapped{ServerLevel[pet test]@minecraft:overworld}
[00:07:23] [Render thread/INFO]: Unloading level [ae2:spatial_storage].
[00:07:23] [Render thread/INFO]: Closing [GeneratedFullDataSourceProvider] for level: [DhClientServerLevel{pet_test_g1t06100ccqo8@ae2:spatial_storage}].
[00:07:23] [Render thread/INFO]: Closing [FullDataSourceProviderV1] for level: [DhClientServerLevel{pet_test_g1t06100ccqo8@ae2:spatial_storage}].
[00:07:23] [Render thread/INFO]: Closing database connection: [jdbc:dh_sqlite:/home/saturncorgi/.local/share/ModrinthApp/profiles/TRANS/saves/pet test/dimensions/ae2/spatial_storage/data/DistantHorizons.sqlite]...
[00:07:23] [DH-Parent Update Queue [ae2:spatial_storage] Thread[0]/INFO]: Update thread [DH-Parent Update Queue [ae2:spatial_storage] Thread[0]] terminated.
[00:07:23] [Render thread/INFO]: Finished closing database connection: [jdbc:dh_sqlite:/home/saturncorgi/.local/share/ModrinthApp/profiles/TRANS/saves/pet test/dimensions/ae2/spatial_storage/data/DistantHorizons.sqlite]
[00:07:23] [Render thread/INFO]: Closed DHLevel for [Wrapped{ServerLevel[pet test]@ae2:spatial_storage}].
[00:07:23] [Render thread/INFO]: Closing [GeneratedFullDataSourceProvider] for level: [DhClientServerLevel{pet_test_g1t06100ccqo8@ae2:spatial_storage}].
[00:07:23] [Render thread/INFO]: Closing [FullDataSourceProviderV1] for level: [DhClientServerLevel{pet_test_g1t06100ccqo8@ae2:spatial_storage}].
[00:07:23] [Render thread/INFO]: Closed DhClientServerLevel for Wrapped{ServerLevel[pet test]@ae2:spatial_storage}
[00:07:23] [Render thread/INFO]: Unloading level [minecraft:the_nether].
[00:07:23] [Render thread/INFO]: Closing [GeneratedFullDataSourceProvider] for level: [DhClientServerLevel{pet_test_g1t06100ccqo8@minecraft:the_nether}].
[00:07:23] [Render thread/INFO]: Closing [FullDataSourceProviderV1] for level: [DhClientServerLevel{pet_test_g1t06100ccqo8@minecraft:the_nether}].
[00:07:23] [Render thread/INFO]: Closing database connection: [jdbc:dh_sqlite:/home/saturncorgi/.local/share/ModrinthApp/profiles/TRANS/saves/pet test/DIM-1/data/DistantHorizons.sqlite]...
[00:07:23] [DH-Parent Update Queue [minecraft:the_nether] Thread[0]/INFO]: Update thread [DH-Parent Update Queue [minecraft:the_nether] Thread[0]] terminated.
[00:07:23] [Render thread/INFO]: Finished closing database connection: [jdbc:dh_sqlite:/home/saturncorgi/.local/share/ModrinthApp/profiles/TRANS/saves/pet test/DIM-1/data/DistantHorizons.sqlite]
[00:07:23] [Render thread/INFO]: Closed DHLevel for [Wrapped{ServerLevel[pet test]@minecraft:the_nether}].
[00:07:24] [Render thread/INFO]: Closing [GeneratedFullDataSourceProvider] for level: [DhClientServerLevel{pet_test_g1t06100ccqo8@minecraft:the_nether}].
[00:07:24] [Render thread/INFO]: Closing [FullDataSourceProviderV1] for level: [DhClientServerLevel{pet_test_g1t06100ccqo8@minecraft:the_nether}].
[00:07:24] [Render thread/INFO]: Closed DhClientServerLevel for Wrapped{ServerLevel[pet test]@minecraft:the_nether}
[00:07:24] [Render thread/INFO]: Unloading level [minecraft:the_end].
[00:07:24] [Render thread/INFO]: Closing [GeneratedFullDataSourceProvider] for level: [DhClientServerLevel{pet_test_g1t06100ccqo8@minecraft:the_end}].
[00:07:24] [Render thread/INFO]: Closing [FullDataSourceProviderV1] for level: [DhClientServerLevel{pet_test_g1t06100ccqo8@minecraft:the_end}].
[00:07:24] [Render thread/INFO]: Closing database connection: [jdbc:dh_sqlite:/home/saturncorgi/.local/share/ModrinthApp/profiles/TRANS/saves/pet test/DIM1/data/DistantHorizons.sqlite]...
[00:07:24] [DH-Parent Update Queue [minecraft:the_end] Thread[0]/INFO]: Update thread [DH-Parent Update Queue [minecraft:the_end] Thread[0]] terminated.
[00:07:24] [Render thread/INFO]: Finished closing database connection: [jdbc:dh_sqlite:/home/saturncorgi/.local/share/ModrinthApp/profiles/TRANS/saves/pet test/DIM1/data/DistantHorizons.sqlite]
[00:07:24] [Render thread/INFO]: Closed DHLevel for [Wrapped{ServerLevel[pet test]@minecraft:the_end}].
[00:07:24] [Render thread/INFO]: Closing [GeneratedFullDataSourceProvider] for level: [DhClientServerLevel{pet_test_g1t06100ccqo8@minecraft:the_end}].
[00:07:24] [Render thread/INFO]: Closing [FullDataSourceProviderV1] for level: [DhClientServerLevel{pet_test_g1t06100ccqo8@minecraft:the_end}].
[00:07:24] [Render thread/INFO]: Closed DhClientServerLevel for Wrapped{ServerLevel[pet test]@minecraft:the_end}
[00:07:24] [Render thread/INFO]: Closed DhWorld of type CLIENT_SERVER
[00:07:24] [Render thread/INFO]: Unloading level [minecraft:overworld].
[00:07:24] [Render thread/INFO]: Closing [GeneratedFullDataSourceProvider] for level: [DhClientServerLevel{pet_test_g1t06100ccqo8@minecraft:overworld}].
[00:07:24] [Render thread/INFO]: Closing [FullDataSourceProviderV1] for level: [DhClientServerLevel{pet_test_g1t06100ccqo8@minecraft:overworld}].
[00:07:24] [Render thread/INFO]: Closed DHLevel for [Wrapped{ServerLevel[pet test]@minecraft:overworld}].
[00:07:24] [Render thread/INFO]: Closing [GeneratedFullDataSourceProvider] for level: [DhClientServerLevel{pet_test_g1t06100ccqo8@minecraft:overworld}].
[00:07:24] [Render thread/INFO]: Closing [FullDataSourceProviderV1] for level: [DhClientServerLevel{pet_test_g1t06100ccqo8@minecraft:overworld}].
[00:07:24] [Render thread/INFO]: Closed DhClientServerLevel for Wrapped{ServerLevel[pet test]@minecraft:overworld}
[00:07:24] [Render thread/INFO]: Unloading level [ae2:spatial_storage].
[00:07:25] [Render thread/INFO]: Closing [GeneratedFullDataSourceProvider] for level: [DhClientServerLevel{pet_test_g1t06100ccqo8@ae2:spatial_storage}].
[00:07:25] [Render thread/INFO]: Closing [FullDataSourceProviderV1] for level: [DhClientServerLevel{pet_test_g1t06100ccqo8@ae2:spatial_storage}].
[00:07:25] [Render thread/INFO]: Closed DHLevel for [Wrapped{ServerLevel[pet test]@ae2:spatial_storage}].
[00:07:25] [Render thread/INFO]: Closing [GeneratedFullDataSourceProvider] for level: [DhClientServerLevel{pet_test_g1t06100ccqo8@ae2:spatial_storage}].
[00:07:25] [Render thread/INFO]: Closing [FullDataSourceProviderV1] for level: [DhClientServerLevel{pet_test_g1t06100ccqo8@ae2:spatial_storage}].
[00:07:25] [Render thread/INFO]: Closed DhClientServerLevel for Wrapped{ServerLevel[pet test]@ae2:spatial_storage}
[00:07:25] [Render thread/INFO]: Unloading level [minecraft:the_nether].
[00:07:25] [Render thread/INFO]: Closing [GeneratedFullDataSourceProvider] for level: [DhClientServerLevel{pet_test_g1t06100ccqo8@minecraft:the_nether}].
[00:07:25] [Render thread/INFO]: Closing [FullDataSourceProviderV1] for level: [DhClientServerLevel{pet_test_g1t06100ccqo8@minecraft:the_nether}].
[00:07:25] [Render thread/INFO]: Closed DHLevel for [Wrapped{ServerLevel[pet test]@minecraft:the_nether}].
[00:07:25] [Render thread/INFO]: Closing [GeneratedFullDataSourceProvider] for level: [DhClientServerLevel{pet_test_g1t06100ccqo8@minecraft:the_nether}].
[00:07:25] [Render thread/INFO]: Closing [FullDataSourceProviderV1] for level: [DhClientServerLevel{pet_test_g1t06100ccqo8@minecraft:the_nether}].
[00:07:25] [Render thread/INFO]: Closed DhClientServerLevel for Wrapped{ServerLevel[pet test]@minecraft:the_nether}
[00:07:25] [Render thread/INFO]: Unloading level [minecraft:the_end].
[00:07:25] [Render thread/INFO]: Closing [GeneratedFullDataSourceProvider] for level: [DhClientServerLevel{pet_test_g1t06100ccqo8@minecraft:the_end}].
[00:07:25] [Render thread/INFO]: Closing [FullDataSourceProviderV1] for level: [DhClientServerLevel{pet_test_g1t06100ccqo8@minecraft:the_end}].
[00:07:25] [Render thread/INFO]: Closed DHLevel for [Wrapped{ServerLevel[pet test]@minecraft:the_end}].
[00:07:26] [Render thread/INFO]: Closing [GeneratedFullDataSourceProvider] for level: [DhClientServerLevel{pet_test_g1t06100ccqo8@minecraft:the_end}].
[00:07:26] [Render thread/INFO]: Closing [FullDataSourceProviderV1] for level: [DhClientServerLevel{pet_test_g1t06100ccqo8@minecraft:the_end}].
[00:07:26] [Render thread/INFO]: Closed DhClientServerLevel for Wrapped{ServerLevel[pet test]@minecraft:the_end}
[00:07:26] [Render thread/INFO]: Closed DhWorld of type CLIENT_SERVER
[00:07:26] [Render thread/INFO]: Shutting down PriorityTaskPicker thread pool...
[00:07:26] [Render thread/INFO]: Closing all [0] database connections...
[00:07:26] [Render thread/INFO]: Stopping JEI
[00:07:26] [Render thread/INFO]: Stopping JEI
[00:07:26] [Render thread/INFO]: Sending Runtime Unavailable...
[00:07:26] [Render thread/INFO]: Stopping JEI GUI
[00:07:26] [Render thread/INFO]: Sending Runtime Unavailable took 1.025 ms
[00:07:26] [Server thread/INFO]: SaturnCorgi lost connection: Disconnected
[00:07:26] [Server thread/INFO]: SaturnCorgi left the game
[00:07:26] [Server thread/INFO]: [voicechat] Disconnecting client SaturnCorgi
[00:07:26] [Server thread/INFO]: Stopping singleplayer server as player logged out
[00:07:27] [Server thread/INFO]: Stopping server
[00:07:27] [Server thread/INFO]: Saving players
[00:07:27] [Server thread/INFO]: Saving worlds
[00:07:27] [Server thread/INFO]: Saving chunks for level 'ServerLevel[pet test]'/minecraft:overworld
[00:07:28] [Server thread/INFO]: Saving chunks for level 'ServerLevel[pet test]'/minecraft:the_nether
[00:07:28] [Server thread/INFO]: Saving chunks for level 'ServerLevel[pet test]'/minecraft:the_end
[00:07:28] [Server thread/INFO]: Saving chunks for level 'ServerLevel[pet test]'/ae2:spatial_storage
[00:07:28] [Server thread/INFO]: ThreadedAnvilChunkStorage (pet test): All chunks are saved
[00:07:28] [Server thread/INFO]: ThreadedAnvilChunkStorage (DIM-1): All chunks are saved
[00:07:28] [Server thread/INFO]: ThreadedAnvilChunkStorage (DIM1): All chunks are saved
[00:07:28] [Server thread/INFO]: ThreadedAnvilChunkStorage (spatial_storage): All chunks are saved
[00:07:28] [Server thread/INFO]: ThreadedAnvilChunkStorage: All dimensions are saved
[00:07:29] [Render thread/INFO]: Unloading client level [ClientLevelWrapper]-[g1t06100ccqo8@minecraft:overworld].
[00:07:29] [Render thread/INFO]: Stopping worker threads
[00:07:31] [Render thread/INFO]: Stopping!
[00:07:31] [Render thread/INFO]: Stopping JEI
[00:07:31] [Render thread/INFO]: Stopping JEI
[00:07:31] [Render thread/INFO]: Sending Runtime Unavailable...
[00:07:31] [Render thread/INFO]: Stopping JEI GUI
[00:07:31] [Render thread/INFO]: Sending Runtime Unavailable took 362.5 μs
